\BOOKMARK [0][-]{chapter.1}{Einleitung}{}% 1
\BOOKMARK [0][-]{chapter.2}{Das Standardmodell der Teilchenphysik}{}% 2
\BOOKMARK [1][-]{section.2.1}{Grundlagen}{chapter.2}% 3
\BOOKMARK [1][-]{section.2.2}{Symmetrien}{chapter.2}% 4
\BOOKMARK [1][-]{section.2.3}{Mischung von B-Mesonen}{chapter.2}% 5
\BOOKMARK [1][-]{section.2.4}{CP-Verletzung}{chapter.2}% 6
\BOOKMARK [0][-]{chapter.3}{Das LHCb-Experiment}{}% 7
\BOOKMARK [1][-]{section.3.1}{Der LHC}{chapter.3}% 8
\BOOKMARK [1][-]{section.3.2}{Der LHCb-Detektor}{chapter.3}% 9
\BOOKMARK [2][-]{subsection.3.2.1}{Der Vertex-Locator}{section.3.2}% 10
\BOOKMARK [2][-]{subsection.3.2.2}{Die RICH-Detektoren}{section.3.2}% 11
\BOOKMARK [2][-]{subsection.3.2.3}{Das Tracking-System}{section.3.2}% 12
\BOOKMARK [2][-]{subsection.3.2.4}{Kalorimeter}{section.3.2}% 13
\BOOKMARK [2][-]{subsection.3.2.5}{Die Myonenkammern}{section.3.2}% 14
\BOOKMARK [2][-]{subsection.3.2.6}{Trigger}{section.3.2}% 15
\BOOKMARK [2][-]{subsection.3.2.7}{LHCb Software}{section.3.2}% 16
\BOOKMARK [0][-]{chapter.4}{Flavour Tagging am LHCb Experiment}{}% 17
\BOOKMARK [1][-]{section.4.1}{Charakteristische Größen des Flavour Taggings}{chapter.4}% 18
\BOOKMARK [1][-]{section.4.2}{Opposite Side Tagging}{chapter.4}% 19
\BOOKMARK [1][-]{section.4.3}{Same Side Tagging}{chapter.4}% 20
\BOOKMARK [1][-]{section.4.4}{Vorgehen bei der Tagging Kalibrierung}{chapter.4}% 21
\BOOKMARK [2][-]{subsection.4.4.1}{Daten}{section.4.4}% 22
\BOOKMARK [2][-]{subsection.4.4.2}{Monte-Carlo}{section.4.4}% 23
\BOOKMARK [0][-]{chapter.5}{Der Zerfallskanal B 0 \rightarrow D-\mitpi  + und dessen Selektion}{}% 24
\BOOKMARK [1][-]{section.5.1}{Rekonstruktion des Kanals B 0 \rightarrow D- \(\rightarrow K +\mitpi -\mitpi -\)\mitpi  +}{chapter.5}% 25
\BOOKMARK [1][-]{section.5.2}{Selektion}{chapter.5}% 26
\BOOKMARK [1][-]{section.5.3}{Verwendetes Fitmodell}{chapter.5}% 27
\BOOKMARK [2][-]{subsection.5.3.1}{Zerfallszeit Beschreibung}{section.5.3}% 28
\BOOKMARK [2][-]{subsection.5.3.2}{Massen Beschreibung}{section.5.3}% 29
\BOOKMARK [0][-]{chapter.6}{Kalibrierung verschiedener Tagger}{}% 30
\BOOKMARK [1][-]{section.6.1}{Auswahl der Tagger}{chapter.6}% 31
\BOOKMARK [1][-]{section.6.2}{Kalibrierung der OS Tagger}{chapter.6}% 32
\BOOKMARK [2][-]{subsection.6.2.1}{Standard OS Kombination}{section.6.2}% 33
\BOOKMARK [2][-]{subsection.6.2.2}{Der OS Charm Tagger}{section.6.2}% 34
\BOOKMARK [2][-]{subsection.6.2.3}{Der OS Kaon nnet Tagger}{section.6.2}% 35
\BOOKMARK [1][-]{section.6.3}{Kalibrierung der SS Tagger}{chapter.6}% 36
\BOOKMARK [2][-]{subsection.6.3.1}{Der SS Pion Tagger}{section.6.3}% 37
\BOOKMARK [2][-]{subsection.6.3.2}{Der SS Pion BDT Tagger}{section.6.3}% 38
\BOOKMARK [2][-]{subsection.6.3.3}{Der SS Proton Tagger}{section.6.3}% 39
\BOOKMARK [1][-]{section.6.4}{Diskussion der Ergebnisse der Kalibrierung}{chapter.6}% 40
\BOOKMARK [1][-]{section.6.5}{Korrelation zwischen Taggern der Same Side}{chapter.6}% 41
\BOOKMARK [1][-]{section.6.6}{Messung von \mitDelta md}{chapter.6}% 42
\BOOKMARK [1][-]{section.6.7}{Alternative Kalibrierung der OS Kombination}{chapter.6}% 43
\BOOKMARK [0][-]{chapter.7}{Zusammenfassung und Ausblick}{}% 44
\BOOKMARK [0][-]{chapter*.4}{Literatur}{}% 45
